=========================================
Running US analysis at Sun May  3 00:20:52 HKT 2026
=========================================
  ⚠️ Only got 0 stocks, retrying (1/5)...
  ⚠️ Only got 0 stocks, retrying (2/5)...
  ⚠️ Only got 0 stocks, retrying (3/5)...
  ⚠️ Only got 0 stocks, retrying (4/5)...

📈 Fetching Top 20 US Most Active Stocks from Yahoo Finance...
❌ No stocks to analyze. Please check your input or try again.
Completed at Sun May  3 00:21:01 HKT 2026

=========================================
Running US analysis at Sun May  3 01:21:01 HKT 2026
=========================================
  ⚠️ Only got 0 stocks, retrying (1/5)...
  ⚠️ Only got 0 stocks, retrying (2/5)...
  ⚠️ Only got 0 stocks, retrying (3/5)...
  ⚠️ Only got 0 stocks, retrying (4/5)...

📈 Fetching Top 20 US Most Active Stocks from Yahoo Finance...
❌ No stocks to analyze. Please check your input or try again.
Completed at Sun May  3 01:21:10 HKT 2026

=========================================
Running US analysis at Sun May  3 02:21:10 HKT 2026
=========================================
  ⚠️ Only got 0 stocks, retrying (1/5)...
  ⚠️ Only got 0 stocks, retrying (2/5)...
  ⚠️ Only got 0 stocks, retrying (3/5)...
  ⚠️ Only got 0 stocks, retrying (4/5)...

📈 Fetching Top 20 US Most Active Stocks from Yahoo Finance...
❌ No stocks to analyze. Please check your input or try again.
Completed at Sun May  3 02:21:19 HKT 2026

=========================================
Running US analysis at Sun May  3 03:21:19 HKT 2026
=========================================
  ⚠️ Only got 0 stocks, retrying (1/5)...
  ⚠️ Only got 0 stocks, retrying (2/5)...
  ⚠️ Only got 0 stocks, retrying (3/5)...
  ⚠️ Only got 0 stocks, retrying (4/5)...

📈 Fetching Top 20 US Most Active Stocks from Yahoo Finance...
❌ No stocks to analyze. Please check your input or try again.
Completed at Sun May  3 03:21:28 HKT 2026

=========================================
Running US analysis at Sun May  3 04:21:28 HKT 2026
=========================================
  ⚠️ Only got 0 stocks, retrying (1/5)...
  ⚠️ Only got 0 stocks, retrying (2/5)...
  ⚠️ Only got 0 stocks, retrying (3/5)...
  ⚠️ Only got 0 stocks, retrying (4/5)...

📈 Fetching Top 20 US Most Active Stocks from Yahoo Finance...
❌ No stocks to analyze. Please check your input or try again.
Completed at Sun May  3 04:21:37 HKT 2026

=========================================
Running US analysis at Sun May  3 05:21:37 HKT 2026
=========================================
  ⚠️ Only got 0 stocks, retrying (1/5)...
  ⚠️ Only got 0 stocks, retrying (2/5)...
  ⚠️ Only got 0 stocks, retrying (3/5)...
  ⚠️ Only got 0 stocks, retrying (4/5)...

📈 Fetching Top 20 US Most Active Stocks from Yahoo Finance...
❌ No stocks to analyze. Please check your input or try again.
Completed at Sun May  3 05:21:46 HKT 2026

=========================================
Running US analysis at Sun May  3 06:21:46 HKT 2026
=========================================
  ⚠️ Only got 0 stocks, retrying (1/5)...
  ⚠️ Only got 0 stocks, retrying (2/5)...
  ⚠️ Only got 0 stocks, retrying (3/5)...
  ⚠️ Only got 0 stocks, retrying (4/5)...

📈 Fetching Top 20 US Most Active Stocks from Yahoo Finance...
❌ No stocks to analyze. Please check your input or try again.
Completed at Sun May  3 06:21:55 HKT 2026

=========================================
Running US analysis at Sun May  3 07:21:55 HKT 2026
=========================================
  ⚠️ Only got 0 stocks, retrying (1/5)...
  ⚠️ Only got 0 stocks, retrying (2/5)...
  ⚠️ Only got 0 stocks, retrying (3/5)...
  ⚠️ Only got 0 stocks, retrying (4/5)...

📈 Fetching Top 20 US Most Active Stocks from Yahoo Finance...
❌ No stocks to analyze. Please check your input or try again.
Completed at Sun May  3 07:22:04 HKT 2026

=========================================
Running US analysis at Sun May  3 08:22:04 HKT 2026
=========================================
  ⚠️ Only got 0 stocks, retrying (1/5)...
  ⚠️ Only got 0 stocks, retrying (2/5)...
  ⚠️ Only got 0 stocks, retrying (3/5)...
  ⚠️ Only got 0 stocks, retrying (4/5)...

📈 Fetching Top 20 US Most Active Stocks from Yahoo Finance...
❌ No stocks to analyze. Please check your input or try again.
Completed at Sun May  3 08:22:13 HKT 2026

=========================================
Running US analysis at Sun May  3 09:22:13 HKT 2026
=========================================
  ⚠️ Only got 0 stocks, retrying (1/5)...
  ⚠️ Only got 0 stocks, retrying (2/5)...
  ⚠️ Only got 0 stocks, retrying (3/5)...
  ⚠️ Only got 0 stocks, retrying (4/5)...

📈 Fetching Top 20 US Most Active Stocks from Yahoo Finance...
❌ No stocks to analyze. Please check your input or try again.
Completed at Sun May  3 09:22:22 HKT 2026

=========================================
Running US analysis at Sun May  3 10:22:22 HKT 2026
=========================================
  ⚠️ Only got 0 stocks, retrying (1/5)...
  ⚠️ Only got 0 stocks, retrying (2/5)...
  ⚠️ Only got 0 stocks, retrying (3/5)...
  ⚠️ Only got 0 stocks, retrying (4/5)...

📈 Fetching Top 20 US Most Active Stocks from Yahoo Finance...
❌ No stocks to analyze. Please check your input or try again.
Completed at Sun May  3 10:22:31 HKT 2026

=========================================
Running US analysis at Sun May  3 11:22:31 HKT 2026
=========================================
  ⚠️ Only got 0 stocks, retrying (1/5)...
  ⚠️ Only got 0 stocks, retrying (2/5)...
  ⚠️ Only got 0 stocks, retrying (3/5)...
  ⚠️ Only got 0 stocks, retrying (4/5)...

📈 Fetching Top 20 US Most Active Stocks from Yahoo Finance...
❌ No stocks to analyze. Please check your input or try again.
Completed at Sun May  3 11:22:44 HKT 2026

=========================================
Running US analysis at Sun May  3 12:22:44 HKT 2026
=========================================
  ⚠️ Only got 0 stocks, retrying (1/5)...
  ⚠️ Only got 0 stocks, retrying (2/5)...
  ⚠️ Only got 0 stocks, retrying (3/5)...
  ⚠️ Only got 0 stocks, retrying (4/5)...

📈 Fetching Top 20 US Most Active Stocks from Yahoo Finance...
❌ No stocks to analyze. Please check your input or try again.
Completed at Sun May  3 12:22:53 HKT 2026

=========================================
Running US analysis at Sun May  3 13:22:53 HKT 2026
=========================================
  ⚠️ Only got 0 stocks, retrying (1/5)...
  ⚠️ Only got 0 stocks, retrying (2/5)...
  ⚠️ Only got 0 stocks, retrying (3/5)...
  ⚠️ Only got 0 stocks, retrying (4/5)...

📈 Fetching Top 20 US Most Active Stocks from Yahoo Finance...
❌ No stocks to analyze. Please check your input or try again.
Completed at Sun May  3 13:23:02 HKT 2026

=========================================
Running US analysis at Sun May  3 14:23:02 HKT 2026
=========================================
  ⚠️ Only got 0 stocks, retrying (1/5)...
  ⚠️ Only got 0 stocks, retrying (2/5)...
  ⚠️ Only got 0 stocks, retrying (3/5)...
  ⚠️ Only got 0 stocks, retrying (4/5)...

📈 Fetching Top 20 US Most Active Stocks from Yahoo Finance...
❌ No stocks to analyze. Please check your input or try again.
Completed at Sun May  3 14:23:11 HKT 2026

=========================================
Running US analysis at Sun May  3 15:23:11 HKT 2026
=========================================
  ⚠️ Only got 0 stocks, retrying (1/5)...
  ⚠️ Only got 0 stocks, retrying (2/5)...
  ⚠️ Only got 0 stocks, retrying (3/5)...
  ⚠️ Only got 0 stocks, retrying (4/5)...

📈 Fetching Top 20 US Most Active Stocks from Yahoo Finance...
❌ No stocks to analyze. Please check your input or try again.
Completed at Sun May  3 15:23:20 HKT 2026

=========================================
Running US analysis at Sun May  3 16:23:20 HKT 2026
=========================================
  ⚠️ Only got 0 stocks, retrying (1/5)...
  ⚠️ Only got 0 stocks, retrying (2/5)...
  ⚠️ Only got 0 stocks, retrying (3/5)...
  ⚠️ Only got 0 stocks, retrying (4/5)...

📈 Fetching Top 20 US Most Active Stocks from Yahoo Finance...
❌ No stocks to analyze. Please check your input or try again.
Completed at Sun May  3 16:23:29 HKT 2026

=========================================
Running US analysis at Sun May  3 17:00:00 HKT 2026
=========================================
  ⚠️ Only got 0 stocks, retrying (1/5)...
  ⚠️ Only got 0 stocks, retrying (2/5)...
  ⚠️ Only got 0 stocks, retrying (3/5)...
  ⚠️ Only got 0 stocks, retrying (4/5)...

📈 Fetching Top 20 US Most Active Stocks from Yahoo Finance...
❌ No stocks to analyze. Please check your input or try again.
Completed at Sun May  3 17:00:10 HKT 2026

=========================================
Running US analysis at Sun May  3 17:23:29 HKT 2026
=========================================
  ⚠️ Only got 0 stocks, retrying (1/5)...
  ⚠️ Only got 0 stocks, retrying (2/5)...
  ⚠️ Only got 0 stocks, retrying (3/5)...
  ⚠️ Only got 0 stocks, retrying (4/5)...

📈 Fetching Top 20 US Most Active Stocks from Yahoo Finance...
❌ No stocks to analyze. Please check your input or try again.
Completed at Sun May  3 17:23:38 HKT 2026

=========================================
Running US analysis at Sun May  3 18:00:00 HKT 2026
=========================================
  ⚠️ Only got 0 stocks, retrying (1/5)...
  ⚠️ Only got 0 stocks, retrying (2/5)...
  ⚠️ Only got 0 stocks, retrying (3/5)...
  ⚠️ Only got 0 stocks, retrying (4/5)...

📈 Fetching Top 20 US Most Active Stocks from Yahoo Finance...
❌ No stocks to analyze. Please check your input or try again.
Completed at Sun May  3 18:00:10 HKT 2026

=========================================
Running US analysis at Sun May  3 18:23:38 HKT 2026
=========================================
  ⚠️ Only got 0 stocks, retrying (1/5)...
  ⚠️ Only got 0 stocks, retrying (2/5)...
  ⚠️ Only got 0 stocks, retrying (3/5)...
  ⚠️ Only got 0 stocks, retrying (4/5)...

📈 Fetching Top 20 US Most Active Stocks from Yahoo Finance...
❌ No stocks to analyze. Please check your input or try again.
Completed at Sun May  3 18:23:47 HKT 2026

=========================================
Running US analysis at Sun May  3 19:00:00 HKT 2026
=========================================
  ⚠️ Only got 0 stocks, retrying (1/5)...
  ⚠️ Only got 0 stocks, retrying (2/5)...
  ⚠️ Only got 0 stocks, retrying (3/5)...
  ⚠️ Only got 0 stocks, retrying (4/5)...

📈 Fetching Top 20 US Most Active Stocks from Yahoo Finance...
❌ No stocks to analyze. Please check your input or try again.
Completed at Sun May  3 19:00:10 HKT 2026

=========================================
Running US analysis at Sun May  3 19:23:47 HKT 2026
=========================================
  ⚠️ Only got 0 stocks, retrying (1/5)...
  ⚠️ Only got 0 stocks, retrying (2/5)...
  ⚠️ Only got 0 stocks, retrying (3/5)...
  ⚠️ Only got 0 stocks, retrying (4/5)...

📈 Fetching Top 20 US Most Active Stocks from Yahoo Finance...
❌ No stocks to analyze. Please check your input or try again.
Completed at Sun May  3 19:23:55 HKT 2026

=========================================
Running US analysis at Sun May  3 20:00:00 HKT 2026
=========================================
  ⚠️ Only got 0 stocks, retrying (1/5)...
  ⚠️ Only got 0 stocks, retrying (2/5)...
  ⚠️ Only got 0 stocks, retrying (3/5)...
  ⚠️ Only got 0 stocks, retrying (4/5)...

📈 Fetching Top 20 US Most Active Stocks from Yahoo Finance...
❌ No stocks to analyze. Please check your input or try again.
Completed at Sun May  3 20:00:10 HKT 2026

=========================================
Running US analysis at Sun May  3 20:23:55 HKT 2026
=========================================
  ⚠️ Only got 0 stocks, retrying (1/5)...
  ⚠️ Only got 0 stocks, retrying (2/5)...
  ⚠️ Only got 0 stocks, retrying (3/5)...
  ⚠️ Only got 0 stocks, retrying (4/5)...

📈 Fetching Top 20 US Most Active Stocks from Yahoo Finance...
❌ No stocks to analyze. Please check your input or try again.
Completed at Sun May  3 20:24:04 HKT 2026

=========================================
Running US analysis at Sun May  3 21:00:00 HKT 2026
=========================================
  ⚠️ Only got 0 stocks, retrying (1/5)...
  ⚠️ Only got 0 stocks, retrying (2/5)...
  ⚠️ Only got 0 stocks, retrying (3/5)...
  ⚠️ Only got 0 stocks, retrying (4/5)...

📈 Fetching Top 20 US Most Active Stocks from Yahoo Finance...
❌ No stocks to analyze. Please check your input or try again.
Completed at Sun May  3 21:00:10 HKT 2026

=========================================
Running US analysis at Sun May  3 21:24:04 HKT 2026
=========================================
  ⚠️ Only got 0 stocks, retrying (1/5)...
  ⚠️ Only got 0 stocks, retrying (2/5)...
  ⚠️ Only got 0 stocks, retrying (3/5)...
  ⚠️ Only got 0 stocks, retrying (4/5)...

📈 Fetching Top 20 US Most Active Stocks from Yahoo Finance...
❌ No stocks to analyze. Please check your input or try again.
Completed at Sun May  3 21:24:13 HKT 2026

=========================================
Running US analysis at Sun May  3 22:00:00 HKT 2026
=========================================
  ⚠️ Only got 0 stocks, retrying (1/5)...
  ⚠️ Only got 0 stocks, retrying (2/5)...
  ⚠️ Only got 0 stocks, retrying (3/5)...
  ⚠️ Only got 0 stocks, retrying (4/5)...

📈 Fetching Top 20 US Most Active Stocks from Yahoo Finance...
❌ No stocks to analyze. Please check your input or try again.
Completed at Sun May  3 22:00:10 HKT 2026

=========================================
Running US analysis at Sun May  3 22:24:13 HKT 2026
=========================================
  ⚠️ Only got 0 stocks, retrying (1/5)...
  ⚠️ Only got 0 stocks, retrying (2/5)...
  ⚠️ Only got 0 stocks, retrying (3/5)...
  ⚠️ Only got 0 stocks, retrying (4/5)...

📈 Fetching Top 20 US Most Active Stocks from Yahoo Finance...
❌ No stocks to analyze. Please check your input or try again.
Completed at Sun May  3 22:24:22 HKT 2026

=========================================
Running US analysis at Sun May  3 23:24:22 HKT 2026
=========================================
  ⚠️ Only got 0 stocks, retrying (1/5)...
  ⚠️ Only got 0 stocks, retrying (2/5)...
  ⚠️ Only got 0 stocks, retrying (3/5)...
  ⚠️ Only got 0 stocks, retrying (4/5)...

📈 Fetching Top 20 US Most Active Stocks from Yahoo Finance...
❌ No stocks to analyze. Please check your input or try again.
Completed at Sun May  3 23:24:30 HKT 2026

